<?xml version="1.0" encoding="UTF-8"?>
<coverage generated="1704921321267" clover="3.2.0">
  <project timestamp="1704921321267" name="All files">
    <metrics statements="10" coveredstatements="4" conditionals="3" coveredconditionals="2" methods="2" coveredmethods="1" elements="15" coveredelements="7" complexity="0" loc="10" ncloc="10" packages="2" files="2" classes="2"/>
    <package name="src">
      <metrics statements="6" coveredstatements="0" conditionals="1" coveredconditionals="0" methods="1" coveredmethods="0"/>
      <file name="index.ts" path="G:\Projetos HTML\cicd\cicdGithub\cicd\src\index.ts">
        <metrics statements="6" coveredstatements="0" conditionals="1" coveredconditionals="0" methods="1" coveredmethods="0"/>
        <line num="1" count="0" type="cond" truecount="0" falsecount="1"/>
        <line num="2" count="0" type="stmt"/>
        <line num="3" count="0" type="stmt"/>
        <line num="4" count="0" type="stmt"/>
        <line num="5" count="0" type="stmt"/>
        <line num="6" count="0" type="stmt"/>
      </file>
    </package>
    <package name="src.services">
      <metrics statements="4" coveredstatements="4" conditionals="2" coveredconditionals="2" methods="1" coveredmethods="1"/>
      <file name="getResult.ts" path="G:\Projetos HTML\cicd\cicdGithub\cicd\src\services\getResult.ts">
        <metrics statements="4" coveredstatements="4" conditionals="2" coveredconditionals="2" methods="1" coveredmethods="1"/>
        <line num="1" count="1" type="cond" truecount="1" falsecount="0"/>
        <line num="2" count="2" type="cond" truecount="1" falsecount="0"/>
        <line num="3" count="1" type="stmt"/>
        <line num="4" count="1" type="stmt"/>
      </file>
    </package>
  </project>
</coverage>
