{"G:\\Projetos HTML\\cicd\\cicdGithub\\cicd\\src\\index.ts": {"path":"G:\\Projetos HTML\\cicd\\cicdGithub\\cicd\\src\\index.ts","all":true,"statementMap":{"0":{"start":{"line":1,"column":0},"end":{"line":1,"column":48}},"1":{"start":{"line":2,"column":0},"end":{"line":2,"column":0}},"2":{"start":{"line":3,"column":0},"end":{"line":3,"column":20}},"3":{"start":{"line":4,"column":0},"end":{"line":4,"column":34}},"4":{"start":{"line":5,"column":0},"end":{"line":5,"column":15}},"5":{"start":{"line":6,"column":0},"end":{"line":6,"column":1}}},"s":{"0":0,"1":0,"2":0,"3":0,"4":0,"5":0},"branchMap":{"0":{"type":"branch","line":1,"loc":{"start":{"line":1,"column":0},"end":{"line":6,"column":1}},"locations":[{"start":{"line":1,"column":0},"end":{"line":6,"column":1}}]}},"b":{"0":[0]},"fnMap":{"0":{"name":"(empty-report)","decl":{"start":{"line":1,"column":0},"end":{"line":6,"column":1}},"loc":{"start":{"line":1,"column":0},"end":{"line":6,"column":1}},"line":1}},"f":{"0":0}}
,"G:\\Projetos HTML\\cicd\\cicdGithub\\cicd\\src\\services\\getResult.ts": {"path":"G:\\Projetos HTML\\cicd\\cicdGithub\\cicd\\src\\services\\getResult.ts","all":false,"statementMap":{"0":{"start":{"line":1,"column":0},"end":{"line":1,"column":44}},"1":{"start":{"line":2,"column":0},"end":{"line":2,"column":56}},"2":{"start":{"line":3,"column":0},"end":{"line":3,"column":25}},"3":{"start":{"line":4,"column":0},"end":{"line":4,"column":43}},"4":{"start":{"line":5,"column":0},"end":{"line":5,"column":1}}},"s":{"0":1,"1":2,"2":1,"3":1,"4":1},"branchMap":{"0":{"type":"branch","line":1,"loc":{"start":{"line":1,"column":25},"end":{"line":5,"column":1}},"locations":[{"start":{"line":1,"column":25},"end":{"line":5,"column":1}}]},"1":{"type":"branch","line":2,"loc":{"start":{"line":2,"column":23},"end":{"line":5,"column":1}},"locations":[{"start":{"line":2,"column":23},"end":{"line":5,"column":1}}]}},"b":{"0":[2],"1":[1]},"fnMap":{"0":{"name":"getResult","decl":{"start":{"line":1,"column":25},"end":{"line":5,"column":1}},"loc":{"start":{"line":1,"column":25},"end":{"line":5,"column":1}},"line":1}},"f":{"0":2}}
}
